# JRE version: Java(TM) SE Runtime Environment (8.0_91-b15) (build 1.8.0_91-b15)
# Java VM: Java HotSpot(TM) 64-Bit Server VM (25.91-b15 mixed mode windows-amd64 compressed oops)
Heap:
 PSYoungGen      total 71680K, used 1534K [0x00000000eab00000, 0x00000000efd00000, 0x0000000100000000)
  eden space 64000K, 2% used [0x00000000eab00000,0x00000000eac7faa8,0x00000000ee980000)
  from space 7680K, 0% used [0x00000000ef280000,0x00000000ef280000,0x00000000efa00000)
  to   space 9216K, 0% used [0x00000000ee980000,0x00000000ee980000,0x00000000ef280000)
 ParOldGen       total 71168K, used 28691K [0x00000000c0000000, 0x00000000c4580000, 0x00000000eab00000)
  object space 71168K, 40% used [0x00000000c0000000,0x00000000c1c04d30,0x00000000c4580000)
 Metaspace       used 7048K, capacity 7672K, committed 7936K, reserved 1058816K
  class space    used 649K, capacity 688K, committed 768K, reserved 1048576K
GC Heap History (10 events):
Event: 19.073 GC heap before
{Heap before GC invocations=8 (full 0):
 PSYoungGen      total 73216K, used 73191K [0x00000000eab00000, 0x00000000efd00000, 0x0000000100000000)
  eden space 64000K, 100% used [0x00000000eab00000,0x00000000ee980000,0x00000000ee980000)
  from space 9216K, 99% used [0x00000000ee980000,0x00000000ef279df8,0x00000000ef280000)
  to   space 7680K, 0% used [0x00000000ef280000,0x00000000ef280000,0x00000000efa00000)
 ParOldGen       total 44032K, used 20376K [0x00000000c0000000, 0x00000000c2b00000, 0x00000000eab00000)
  object space 44032K, 46% used [0x00000000c0000000,0x00000000c13e6390,0x00000000c2b00000)
 Metaspace       used 6513K, capacity 7192K, committed 7424K, reserved 1056768K
  class space    used 624K, capacity 656K, committed 768K, reserved 1048576K
Event: 19.099 GC heap after
Heap after GC invocations=8 (full 0):
 PSYoungGen      total 71680K, used 7673K [0x00000000eab00000, 0x00000000efd00000, 0x0000000100000000)
  eden space 64000K, 0% used [0x00000000eab00000,0x00000000eab00000,0x00000000ee980000)
  from space 7680K, 99% used [0x00000000ef280000,0x00000000ef9fe590,0x00000000efa00000)
  to   space 9216K, 0% used [0x00000000ee980000,0x00000000ee980000,0x00000000ef280000)
 ParOldGen       total 44032K, used 32395K [0x00000000c0000000, 0x00000000c2b00000, 0x00000000eab00000)
  object space 44032K, 73% used [0x00000000c0000000,0x00000000c1fa2e80,0x00000000c2b00000)
 Metaspace       used 6513K, capacity 7192K, committed 7424K, reserved 1056768K
  class space    used 624K, capacity 656K, committed 768K, reserved 1048576K
}
Event: 19.368 GC heap before
{Heap before GC invocations=9 (full 0):
 PSYoungGen      total 71680K, used 71673K [0x00000000eab00000, 0x00000000efd00000, 0x0000000100000000)
  eden space 64000K, 100% used [0x00000000eab00000,0x00000000ee980000,0x00000000ee980000)
  from space 7680K, 99% used [0x00000000ef280000,0x00000000ef9fe590,0x00000000efa00000)
  to   space 9216K, 0% used [0x00000000ee980000,0x00000000ee980000,0x00000000ef280000)
 ParOldGen       total 44032K, used 32395K [0x00000000c0000000, 0x00000000c2b00000, 0x00000000eab00000)
  object space 44032K, 73% used [0x00000000c0000000,0x00000000c1fa2e80,0x00000000c2b00000)
 Metaspace       used 6525K, capacity 7256K, committed 7424K, reserved 1056768K
  class space    used 624K, capacity 656K, committed 768K, reserved 1048576K
Event: 19.408 GC heap after
Heap after GC invocations=9 (full 0):
 PSYoungGen      total 73216K, used 9205K [0x00000000eab00000, 0x00000000efd00000, 0x0000000100000000)
  eden space 64000K, 0% used [0x00000000eab00000,0x00000000eab00000,0x00000000ee980000)
  from space 9216K, 99% used [0x00000000ee980000,0x00000000ef27d5b0,0x00000000ef280000)
  to   space 7680K, 0% used [0x00000000ef280000,0x00000000ef280000,0x00000000efa00000)
 ParOldGen       total 44032K, used 39996K [0x00000000c0000000, 0x00000000c2b00000, 0x00000000eab00000)
  object space 44032K, 90% used [0x00000000c0000000,0x00000000c270f078,0x00000000c2b00000)
 Metaspace       used 6525K, capacity 7256K, committed 7424K, reserved 1056768K
  class space    used 624K, capacity 656K, committed 768K, reserved 1048576K
}
Event: 19.408 GC heap before
{Heap before GC invocations=10 (full 1):
 PSYoungGen      total 73216K, used 9205K [0x00000000eab00000, 0x00000000efd00000, 0x0000000100000000)
  eden space 64000K, 0% used [0x00000000eab00000,0x00000000eab00000,0x00000000ee980000)
  from space 9216K, 99% used [0x00000000ee980000,0x00000000ef27d5b0,0x00000000ef280000)
  to   space 7680K, 0% used [0x00000000ef280000,0x00000000ef280000,0x00000000efa00000)
 ParOldGen       total 44032K, used 39996K [0x00000000c0000000, 0x00000000c2b00000, 0x00000000eab00000)
  object space 44032K, 90% used [0x00000000c0000000,0x00000000c270f078,0x00000000c2b00000)
 Metaspace       used 6525K, capacity 7256K, committed 7424K, reserved 1056768K
  class space    used 624K, capacity 656K, committed 768K, reserved 1048576K
Event: 19.725 GC heap after
Heap after GC invocations=10 (full 1):
 PSYoungGen      total 73216K, used 1522K [0x00000000eab00000, 0x00000000efd00000, 0x0000000100000000)
  eden space 64000K, 0% used [0x00000000eab00000,0x00000000eab00000,0x00000000ee980000)
  from space 9216K, 16% used [0x00000000ee980000,0x00000000eeafcab8,0x00000000ef280000)
  to   space 7680K, 0% used [0x00000000ef280000,0x00000000ef280000,0x00000000efa00000)
 ParOldGen       total 74240K, used 43748K [0x00000000c0000000, 0x00000000c4880000, 0x00000000eab00000)
  object space 74240K, 58% used [0x00000000c0000000,0x00000000c2ab92d0,0x00000000c4880000)
 Metaspace       used 6525K, capacity 7256K, committed 7424K, reserved 1056768K
  class space    used 624K, capacity 656K, committed 768K, reserved 1048576K
}
Event: 20.418 GC heap before
{Heap before GC invocations=11 (full 1):
 PSYoungGen      total 73216K, used 51231K [0x00000000eab00000, 0x00000000efd00000, 0x0000000100000000)
  eden space 64000K, 77% used [0x00000000eab00000,0x00000000edb8b340,0x00000000ee980000)
  from space 9216K, 16% used [0x00000000ee980000,0x00000000eeafcab8,0x00000000ef280000)
  to   space 7680K, 0% used [0x00000000ef280000,0x00000000ef280000,0x00000000efa00000)
 ParOldGen       total 74240K, used 43748K [0x00000000c0000000, 0x00000000c4880000, 0x00000000eab00000)
  object space 74240K, 58% used [0x00000000c0000000,0x00000000c2ab92d0,0x00000000c4880000)
 Metaspace       used 6905K, capacity 7544K, committed 7680K, reserved 1060864K
  class space    used 644K, capacity 688K, committed 768K, reserved 1048576K
Event: 20.442 GC heap after
Heap after GC invocations=11 (full 1):
 PSYoungGen      total 71680K, used 7672K [0x00000000eab00000, 0x00000000efd00000, 0x0000000100000000)
  eden space 64000K, 0% used [0x00000000eab00000,0x00000000eab00000,0x00000000ee980000)
  from space 7680K, 99% used [0x00000000ef280000,0x00000000ef9fe078,0x00000000efa00000)
  to   space 9216K, 0% used [0x00000000ee980000,0x00000000ee980000,0x00000000ef280000)
 ParOldGen       total 74240K, used 44535K [0x00000000c0000000, 0x00000000c4880000, 0x00000000eab00000)
  object space 74240K, 59% used [0x00000000c0000000,0x00000000c2b7dd28,0x00000000c4880000)
 Metaspace       used 6905K, capacity 7544K, committed 7680K, reserved 1060864K
  class space    used 644K, capacity 688K, committed 768K, reserved 1048576K
}
Event: 20.442 GC heap before
{Heap before GC invocations=12 (full 2):
 PSYoungGen      total 71680K, used 7672K [0x00000000eab00000, 0x00000000efd00000, 0x0000000100000000)
  eden space 64000K, 0% used [0x00000000eab00000,0x00000000eab00000,0x00000000ee980000)
  from space 7680K, 99% used [0x00000000ef280000,0x00000000ef9fe078,0x00000000efa00000)
  to   space 9216K, 0% used [0x00000000ee980000,0x00000000ee980000,0x00000000ef280000)
 ParOldGen       total 74240K, used 44535K [0x00000000c0000000, 0x00000000c4880000, 0x00000000eab00000)
  object space 74240K, 59% used [0x00000000c0000000,0x00000000c2b7dd28,0x00000000c4880000)
 Metaspace       used 6905K, capacity 7544K, committed 7680K, reserved 1060864K
  class space    used 644K, capacity 688K, committed 768K, reserved 1048576K
Event: 20.686 GC heap after
Heap after GC invocations=12 (full 2):
 PSYoungGen      total 71680K, used 0K [0x00000000eab00000, 0x00000000efd00000, 0x0000000100000000)
  eden space 64000K, 0% used [0x00000000eab00000,0x00000000eab00000,0x00000000ee980000)
  from space 7680K, 0% used [0x00000000ef280000,0x00000000ef280000,0x00000000efa00000)
  to   space 9216K, 0% used [0x00000000ee980000,0x00000000ee980000,0x00000000ef280000)
 ParOldGen       total 71168K, used 28691K [0x00000000c0000000, 0x00000000c4580000, 0x00000000eab00000)
  object space 71168K, 40% used [0x00000000c0000000,0x00000000c1c04d30,0x00000000c4580000)
 Metaspace       used 6905K, capacity 7544K, committed 7680K, reserved 1058816K
  class space    used 644K, capacity 688K, committed 768K, reserved 1048576K
}

